<?xml version="1.0" encoding="UTF-8"?>
<!-- Generated by org.testng.reporters.JUnitXMLReporter -->
<testsuite hostname="PC350015" name="SupplierTest2" tests="1" failures="1" timestamp="29 Jan 2018 05:06:04 GMT" time="6.607" errors="0">
  <testcase name="@AfterMethod getResult" time="0.0" classname="Search_MyAdmin.Search_Credit">
    <failure type="java.lang.NullPointerException">
      <![CDATA[java.lang.NullPointerException
	at com.relevantcodes.extentreports.ExtentTest.isPathRelative(ExtentTest.java:465)
	at com.relevantcodes.extentreports.ExtentTest.addScreenCapture(ExtentTest.java:275)
	at Search_MyAdmin.Search_Credit.getResult(Search_Credit.java:213)
... Removed 26 stack frames]]>
    </failure>
  </testcase> <!-- @AfterMethod getResult -->
  <testcase name="@AfterTest afterTest" time="0.0" classname="Search_MyAdmin.Search_Credit">
    <skipped/>
  </testcase> <!-- @AfterTest afterTest -->
  <testcase name="SearchCredit" time="6.576" classname="Search_MyAdmin.Search_Credit">
    <failure type="java.lang.NullPointerException">
      <![CDATA[java.lang.NullPointerException
	at com.google.common.base.Preconditions.checkNotNull(Preconditions.java:212)
	at org.openqa.selenium.support.ui.FluentWait.<init>(FluentWait.java:102)
	at org.openqa.selenium.support.ui.WebDriverWait.<init>(WebDriverWait.java:71)
	at org.openqa.selenium.support.ui.WebDriverWait.<init>(WebDriverWait.java:45)
	at Search_MyAdmin.Search_Credit.SearchCredit(Search_Credit.java:60)
... Removed 24 stack frames]]>
    </failure>
  </testcase> <!-- SearchCredit -->
</testsuite> <!-- SupplierTest2 -->
